Performing C++ SOURCE FILE Test CMAKE_HAVE_LIBC_PTHREAD failed with the following output:
Change Dir: /gris/gris-f/homelv/wayang/pmpp/pmpp-yang-he/gpu_task/build/CMakeFiles/CMakeTmp

Run Build Command(s):/usr/bin/make cmTC_01e23/fast && /usr/bin/make -f CMakeFiles/cmTC_01e23.dir/build.make CMakeFiles/cmTC_01e23.dir/build
make[1]: Entering directory '/gris/gris-f/homelv/wayang/pmpp/pmpp-yang-he/gpu_task/build/CMakeFiles/CMakeTmp'
Building CXX object CMakeFiles/cmTC_01e23.dir/src.cxx.o
/usr/bin/c++    -DCMAKE_HAVE_LIBC_PTHREAD   -o CMakeFiles/cmTC_01e23.dir/src.cxx.o -c /gris/gris-f/homelv/wayang/pmpp/pmpp-yang-he/gpu_task/build/CMakeFiles/CMakeTmp/src.cxx
Linking CXX executable cmTC_01e23
/usr/local/bin/cmake -E cmake_link_script CMakeFiles/cmTC_01e23.dir/link.txt --verbose=1
/usr/bin/c++   -DCMAKE_HAVE_LIBC_PTHREAD    CMakeFiles/cmTC_01e23.dir/src.cxx.o  -o cmTC_01e23 
CMakeFiles/cmTC_01e23.dir/src.cxx.o: In function `main':
src.cxx:(.text+0x3e): undefined reference to `pthread_create'
src.cxx:(.text+0x4a): undefined reference to `pthread_detach'
src.cxx:(.text+0x5b): undefined reference to `pthread_join'
src.cxx:(.text+0x6f): undefined reference to `pthread_atfork'
collect2: error: ld returned 1 exit status
CMakeFiles/cmTC_01e23.dir/build.make:86: recipe for target 'cmTC_01e23' failed
make[1]: *** [cmTC_01e23] Error 1
make[1]: Leaving directory '/gris/gris-f/homelv/wayang/pmpp/pmpp-yang-he/gpu_task/build/CMakeFiles/CMakeTmp'
Makefile:121: recipe for target 'cmTC_01e23/fast' failed
make: *** [cmTC_01e23/fast] Error 2


Source file was:
#include <pthread.h>

void* test_func(void* data)
{
  return data;
}

int main(void)
{
  pthread_t thread;
  pthread_create(&thread, NULL, test_func, NULL);
  pthread_detach(thread);
  pthread_join(thread, NULL);
  pthread_atfork(NULL, NULL, NULL);
  pthread_exit(NULL);

  return 0;
}

Determining if the function pthread_create exists in the pthreads failed with the following output:
Change Dir: /gris/gris-f/homelv/wayang/pmpp/pmpp-yang-he/gpu_task/build/CMakeFiles/CMakeTmp

Run Build Command(s):/usr/bin/make cmTC_3b29a/fast && /usr/bin/make -f CMakeFiles/cmTC_3b29a.dir/build.make CMakeFiles/cmTC_3b29a.dir/build
make[1]: Entering directory '/gris/gris-f/homelv/wayang/pmpp/pmpp-yang-he/gpu_task/build/CMakeFiles/CMakeTmp'
Building CXX object CMakeFiles/cmTC_3b29a.dir/CheckFunctionExists.cxx.o
/usr/bin/c++    -DCHECK_FUNCTION_EXISTS=pthread_create   -o CMakeFiles/cmTC_3b29a.dir/CheckFunctionExists.cxx.o -c /gris/gris-f/homelv/wayang/pmpp/pmpp-yang-he/gpu_task/build/CMakeFiles/CheckLibraryExists/CheckFunctionExists.cxx
Linking CXX executable cmTC_3b29a
/usr/local/bin/cmake -E cmake_link_script CMakeFiles/cmTC_3b29a.dir/link.txt --verbose=1
/usr/bin/c++   -DCHECK_FUNCTION_EXISTS=pthread_create    CMakeFiles/cmTC_3b29a.dir/CheckFunctionExists.cxx.o  -o cmTC_3b29a -lpthreads 
/usr/bin/ld: cannot find -lpthreads
collect2: error: ld returned 1 exit status
CMakeFiles/cmTC_3b29a.dir/build.make:86: recipe for target 'cmTC_3b29a' failed
make[1]: *** [cmTC_3b29a] Error 1
make[1]: Leaving directory '/gris/gris-f/homelv/wayang/pmpp/pmpp-yang-he/gpu_task/build/CMakeFiles/CMakeTmp'
Makefile:121: recipe for target 'cmTC_3b29a/fast' failed
make: *** [cmTC_3b29a/fast] Error 2



